<?xml version="1.0" encoding="UTF-8"?>
<!-- Generated by org.testng.reporters.JUnitXMLReporter -->
<testsuite ignored="5" hostname="LAPTOP-J6V7M0GL" failures="2" tests="8" name="Regression" time="0.066" errors="0" timestamp="2023-06-22T02:27:34 IST">
  <testcase classname="TestNGPackagae.TestNGDemo1" name="Demo" time="0.0">
    <failure type="org.testng.TestNGException" message="
Parameter &amp;apos;URL&amp;apos; is required by @Test on method Demo but has not been marked @Optional or defined
in C:\Users\Hanvith\SeleniumTraining\TestNGDemo\testng3.xml">
      <![CDATA[org.testng.TestNGException: 
Parameter 'URL' is required by @Test on method Demo but has not been marked @Optional or defined
in C:\Users\Hanvith\SeleniumTraining\TestNGDemo\testng3.xml
at java.base/java.util.ArrayList.forEach(ArrayList.java:1511)
... Removed 26 stack frames]]>
    </failure>
  </testcase> <!-- Demo -->
  <testcase classname="TestNGPackagae.TestNGDemo1" name="Demo1" time="0.003"/>
  <testcase classname="TestNGPackagae.TestNGDemo3" name="MobileBrowseCar" time="0.001"/>
  <testcase classname="TestNGPackagae.TestNGDemo3" name="MobileLoginCar" time="0.001"/>
  <testcase classname="TestNGPackagae.TestNGDemo4" name="APILoginHome" time="0.0">
    <failure type="org.testng.TestNGException" message="
Parameter &amp;apos;URL&amp;apos; is required by @Test on method APILoginHome but has not been marked @Optional or defined
in C:\Users\Hanvith\SeleniumTraining\TestNGDemo\testng3.xml">
      <![CDATA[org.testng.TestNGException: 
Parameter 'URL' is required by @Test on method APILoginHome but has not been marked @Optional or defined
in C:\Users\Hanvith\SeleniumTraining\TestNGDemo\testng3.xml
at java.base/java.util.ArrayList.forEach(ArrayList.java:1511)
... Removed 26 stack frames]]>
    </failure>
  </testcase> <!-- APILoginHome -->
  <testcase classname="TestNGPackagae.TestNGDemo4" name="WebLoginHome" time="0.001"/>
  <testcase classname="TestNGPackagae.TestNGDemo4" name="WebLoginHome" time="0.001"/>
  <testcase classname="TestNGPackagae.TestNGDemo4" name="WebLoginHome" time="0.001"/>
  <testcase classname="TestNGPackagae.TestNGDemo2" name="Demo_Demo2" time="0.0">
    <ignored/>
  </testcase> <!-- Demo_Demo2 -->
  <testcase classname="TestNGPackagae.TestNGDemo4" name="MobileLoginHome" time="0.0">
    <ignored/>
  </testcase> <!-- MobileLoginHome -->
  <testcase classname="TestNGPackagae.TestNGDemo3" name="APILoginCar" time="0.0">
    <ignored/>
  </testcase> <!-- APILoginCar -->
  <testcase classname="TestNGPackagae.TestNGDemo3" name="WebLoginCar" time="0.0">
    <ignored/>
  </testcase> <!-- WebLoginCar -->
  <testcase classname="TestNGPackagae.TestNGDemo3" name="MobileStartCar" time="0.0">
    <ignored/>
  </testcase> <!-- MobileStartCar -->
</testsuite> <!-- Regression -->
